A suitable version of cmake was not found (required v3.31.10).
Downloading https://github.com/Kitware/CMake/releases/download/v3.31.10/cmake-3.31.10-linux-x86_64.tar.gz -> cmake-3.31.10-linux-x86_64.tar.gz
Successfully downloaded cmake-3.31.10-linux-x86_64.tar.gz
Extracting cmake...
Detecting compiler hash for triplet x64-linux...
Compiler found: /usr/bin/c++
The following packages will be built and installed:
    catch2:x64-linux@3.13.0#1
    libedit:x64-linux@2024-08-08#1
  * vcpkg-cmake:x64-linux@2024-04-23
  * vcpkg-cmake-config:x64-linux@2024-05-23
  * vcpkg-cmake-get-vars:x64-linux@2025-05-29
  * vcpkg-make:x64-linux@2026-01-01
Additional packages (*) will be modified to complete this operation.
Restored 0 package(s) from /root/.cache/vcpkg/archives in 32.6 us. Use --debug to see more details.
Installing 1/6 vcpkg-cmake-config:x64-linux@2024-05-23...
vcpkg-cmake-config:x64-linux@2024-05-23 package ABI: 938b5e1dc7ceacf08654bef246055524d658786b56f39c96f3b23d2de8d063d3
Building vcpkg-cmake-config:x64-linux@2024-05-23...
-- Installing: /app/vcpkg/packages/vcpkg-cmake-config_x64-linux/share/vcpkg-cmake-config/vcpkg_cmake_config_fixup.cmake
-- Installing: /app/vcpkg/packages/vcpkg-cmake-config_x64-linux/share/vcpkg-cmake-config/vcpkg-port-config.cmake
-- Installing: /app/vcpkg/packages/vcpkg-cmake-config_x64-linux/share/vcpkg-cmake-config/copyright
-- Skipping post-build validation due to VCPKG_POLICY_EMPTY_PACKAGE
Starting submission of vcpkg-cmake-config:x64-linux@2024-05-23 to 1 binary cache(s) in the background
Elapsed time to handle vcpkg-cmake-config:x64-linux: 29.3 ms
Installing 2/6 vcpkg-cmake:x64-linux@2024-04-23...
vcpkg-cmake:x64-linux@2024-04-23 package ABI: f7cbaf4a1eecbbb1579be1e8dbbd016626910498335b8370236a4219615937b6
Building vcpkg-cmake:x64-linux@2024-04-23...
-- Installing: /app/vcpkg/packages/vcpkg-cmake_x64-linux/share/vcpkg-cmake/vcpkg_cmake_configure.cmake
-- Installing: /app/vcpkg/packages/vcpkg-cmake_x64-linux/share/vcpkg-cmake/vcpkg_cmake_build.cmake
-- Installing: /app/vcpkg/packages/vcpkg-cmake_x64-linux/share/vcpkg-cmake/vcpkg_cmake_install.cmake
-- Installing: /app/vcpkg/packages/vcpkg-cmake_x64-linux/share/vcpkg-cmake/vcpkg-port-config.cmake
-- Installing: /app/vcpkg/packages/vcpkg-cmake_x64-linux/share/vcpkg-cmake/copyright
-- Performing post-build validation
Starting submission of vcpkg-cmake:x64-linux@2024-04-23 to 1 binary cache(s) in the background
Elapsed time to handle vcpkg-cmake:x64-linux: 28.9 ms
Completed submission of vcpkg-cmake-config:x64-linux@2024-05-23 to 1 binary cache(s) in 7.54 ms
Installing 3/6 catch2:x64-linux@3.13.0#1...
catch2:x64-linux@3.13.0#1 package ABI: 805476c81ade95bb695ca4cacc75b4ac2b206fa4c41a1f17ff9fe8758b24a9f4
Building catch2:x64-linux@3.13.0#1...
Downloading https://github.com/catchorg/Catch2/archive/v3.13.0.tar.gz -> catchorg-Catch2-v3.13.0.tar.gz
Successfully downloaded catchorg-Catch2-v3.13.0.tar.gz
-- Extracting source /app/vcpkg/downloads/catchorg-Catch2-v3.13.0.tar.gz
-- Applying patch fix-install-path.patch
-- Using source at /app/vcpkg/buildtrees/catch2/src/v3.13.0-981ec6066a.clean
-- Configuring x64-linux
CMake Warning at /app/sdb/build/vcpkg_installed/x64-linux/share/vcpkg-cmake/vcpkg_cmake_configure.cmake:344 (message):
  The following variables are not used in CMakeLists.txt:

      CATCH_CONFIG_EXPERIMENTAL_THREAD_SAFE_ASSERTIONS

  Please recheck them and remove the unnecessary options from the
  `vcpkg_cmake_configure` call.

  If these options should still be passed for whatever reason, please use the
  `MAYBE_UNUSED_VARIABLES` argument.
Call Stack (most recent call first):
  ports/catch2/portfile.cmake:20 (vcpkg_cmake_configure)
  scripts/ports.cmake:206 (include)


-- Building x64-linux-dbg
-- Building x64-linux-rel
-- Fixing pkgconfig file: /app/vcpkg/packages/catch2_x64-linux/lib/pkgconfig/catch2-with-main.pc
-- Fixing pkgconfig file: /app/vcpkg/packages/catch2_x64-linux/lib/pkgconfig/catch2.pc
-- Fixing pkgconfig file: /app/vcpkg/packages/catch2_x64-linux/debug/lib/pkgconfig/catch2-with-main.pc
-- Fixing pkgconfig file: /app/vcpkg/packages/catch2_x64-linux/debug/lib/pkgconfig/catch2.pc
-- Installing: /app/vcpkg/packages/catch2_x64-linux/share/catch2/copyright
Downloading https://github.com/NixOS/patchelf/releases/download/0.15.5/patchelf-0.15.5-x86_64.tar.gz -> patchelf-0.15.5-x86_64.tar.gz
Successfully downloaded patchelf-0.15.5-x86_64.tar.gz
-- Performing post-build validation
Starting submission of catch2:x64-linux@3.13.0#1 to 1 binary cache(s) in the background
Elapsed time to handle catch2:x64-linux: 39 s
Completed submission of vcpkg-cmake:x64-linux@2024-04-23 to 1 binary cache(s) in 4.6 ms
Installing 4/6 vcpkg-cmake-get-vars:x64-linux@2025-05-29...
vcpkg-cmake-get-vars:x64-linux@2025-05-29 package ABI: 9601f3d976f1c6bc60850868da9e9e409bedf5fe9e7a91f8f973ebfbb75e58fb
Building vcpkg-cmake-get-vars:x64-linux@2025-05-29...
-- Installing: /app/vcpkg/packages/vcpkg-cmake-get-vars_x64-linux/share/vcpkg-cmake-get-vars/vcpkg_cmake_get_vars.cmake
-- Installing: /app/vcpkg/packages/vcpkg-cmake-get-vars_x64-linux/share/vcpkg-cmake-get-vars/cmake_get_vars
-- Installing: /app/vcpkg/packages/vcpkg-cmake-get-vars_x64-linux/share/vcpkg-cmake-get-vars/cmake_get_vars/CMakeLists.txt
-- Installing: /app/vcpkg/packages/vcpkg-cmake-get-vars_x64-linux/share/vcpkg-cmake-get-vars/cmake-get-vars.cmake.in
-- Installing: /app/vcpkg/packages/vcpkg-cmake-get-vars_x64-linux/share/vcpkg-cmake-get-vars/vcpkg-port-config.cmake
-- Installing: /app/vcpkg/packages/vcpkg-cmake-get-vars_x64-linux/share/vcpkg-cmake-get-vars/copyright
-- Performing post-build validation
Starting submission of vcpkg-cmake-get-vars:x64-linux@2025-05-29 to 1 binary cache(s) in the background
Elapsed time to handle vcpkg-cmake-get-vars:x64-linux: 35.8 ms
Installing 5/6 vcpkg-make:x64-linux@2026-01-01...
vcpkg-make:x64-linux@2026-01-01 package ABI: f3ef6355fff5d72b7f78e5537b5ec8c88ceb4ccb079ecd8eb7cec9c76a73391e
Building vcpkg-make:x64-linux@2026-01-01...
Downloading automake-1.17.tar.gz, trying https://ftpmirror.gnu.org/gnu/automake/automake-1.17.tar.gz
Successfully downloaded automake-1.17.tar.gz
-- Extracting source /app/vcpkg/downloads/automake-1.17.tar.gz
-- Using source at /app/vcpkg/buildtrees/vcpkg-make/src/automake-1-c362683103.clean
-- Getting CMake variables for x64-linux
-- Loading CMake variables from /app/vcpkg/buildtrees/vcpkg-make/cmake-get-vars_C_CXX-x64-linux.cmake.log
-- x64-linux autotools triplet: x86_64-pc-linux-gnu (from config.guess)
-- Performing post-build validation
Starting submission of vcpkg-make:x64-linux@2026-01-01 to 1 binary cache(s) in the background
Elapsed time to handle vcpkg-make:x64-linux: 3.5 s
Completed submission of catch2:x64-linux@3.13.0#1 to 1 binary cache(s) in 1.3 s
Completed submission of vcpkg-cmake-get-vars:x64-linux@2025-05-29 to 1 binary cache(s) in 3.88 ms
Installing 6/6 libedit:x64-linux@2024-08-08#1...
libedit:x64-linux@2024-08-08#1 package ABI: 68d727d8d9adffaf806341b47d5f5daced1ed331f9ca6079e47d4ff9da14405c
Building libedit:x64-linux@2024-08-08#1...
libedit currently requires the following programs from the system package manager:
    autoconf autoheader aclocal automake libtoolize
On Debian and Ubuntu derivatives:
    sudo apt install autoconf libtool
On recent Red Hat and Fedora derivatives:
    sudo dnf install autoconf libtool
On Arch Linux and derivatives:
    sudo pacman -S autoconf automake libtool
On Alpine:
    apk add autoconf automake libtool
Downloading https://thrysoee.dk/editline/libedit-20240808-3.1.tar.gz -> libedit-20240808-3.1.tar.gz
Successfully downloaded libedit-20240808-3.1.tar.gz
-- Extracting source /app/vcpkg/downloads/libedit-20240808-3.1.tar.gz
-- Using source at /app/vcpkg/buildtrees/libedit/src/20240808-3-eb4c8bbbd6.clean
-- Getting CMake variables for x64-linux
-- Loading CMake variables from /app/vcpkg/buildtrees/libedit/cmake-get-vars_C_CXX-x64-linux.cmake.log
-- Generating configure for x64-linux
-- Finished generating configure for x64-linux
-- Configuring x64-linux-dbg
-- Configuring x64-linux-rel
-- Building/Installing x64-linux-dbg
-- Making target 'all' for x64-linux-dbg
-- Making target 'install' for x64-linux-dbg
-- Building/Installing x64-linux-rel
-- Making target 'all' for x64-linux-rel
-- Making target 'install' for x64-linux-rel
-- Fixing pkgconfig file: /app/vcpkg/packages/libedit_x64-linux/lib/pkgconfig/libedit.pc
-- Fixing pkgconfig file: /app/vcpkg/packages/libedit_x64-linux/debug/lib/pkgconfig/libedit.pc
-- Installing: /app/vcpkg/packages/libedit_x64-linux/share/libedit/copyright
-- Performing post-build validation
Starting submission of libedit:x64-linux@2024-08-08#1 to 1 binary cache(s) in the background
Elapsed time to handle libedit:x64-linux: 30 s
Installed contents are licensed to you by owners. Microsoft is not responsible for, nor does it grant any licenses to, third-party packages.
Some packages did not declare an SPDX license. Check the `copyright` file for each package for more information about their licensing.
Packages installed in this vcpkg installation declare the following licenses:
BSD-4-Clause-UC
BSL-1.0
MIT
catch2 provides CMake targets:

  # this is heuristically generated, and may not be correct
  find_package(Catch2 CONFIG REQUIRED)
  target_link_libraries(main PRIVATE Catch2::Catch2 Catch2::Catch2WithMain)

catch2 provides pkg-config modules:

  # A modern, C++-native test framework for C++14 and above (links in default main)
  catch2-with-main

  # A modern, C++-native, test framework for C++14 and above
  catch2

libedit provides pkg-config modules:

  # command line editor library provides generic line editing, history, and tokenization functions.
  libedit

Completed submission of vcpkg-make:x64-linux@2026-01-01 to 1 binary cache(s) in 7.42 ms
Waiting for 1 remaining binary cache submissions...
Completed submission of libedit:x64-linux@2024-08-08#1 to 1 binary cache(s) in 76.5 ms (1/1)
All requested installations completed successfully in: 1.2 min
